cpu-bind=MASK - n2lcn0142, task  0  0 [77502]: mask |BBBBBBBB|BBBBBBBB||BBBBBBBB|BBBBBBBB||BBBBBBBB|BBBBBBBB||BBBBBBBB|BBBBBBBB||||BBBBBBBB|BBBBBBBB||BBBBBBBB|BBBBBBBB||BBBBBBBB|BBBBBBBB||BBBBBBBB|BBBBBBBB|  set
Running "module reset". Resetting modules to system default. The following $MODULEPATH directories have been removed: None
Blocking communication
Step 500000
Step 1000000
Step 1500000
Step 2000000
Step 2500000
Step 3000000
Step 3500000
Step 4000000
Step 4500000
Step 5000000
total time: 20.0 sec
checksum: 4993.729645324606


Non-blocking communication (overlapping with computation)
Step 500000
Step 1000000
Step 1500000
Step 2000000
Step 2500000
Step 3000000
Step 3500000
Step 4000000
Step 4500000
Step 5000000
total time: 9.64 sec
checksum: 4993.729645324606
