cpu-bind=MASK - n2lcn0117, task  0  0 [1133617]: mask |BBBBBBBB|BBBBBBBB||BBBBBBBB|BBBBBBBB||BBBBBBBB|BBBBBBBB||BBBBBBBB|BBBBBBBB||||BBBBBBBB|BBBBBBBB||BBBBBBBB|BBBBBBBB||BBBBBBBB|BBBBBBBB||BBBBBBBB|BBBBBBBB|  set
Running "module reset". Resetting modules to system default. The following $MODULEPATH directories have been removed: None

AXPY with @threads :dynamic

Memory Bandwidth (GB/s)
┌───────────────┬─────────┬───────────┐
│ # Threads = 8 │ :serial │ :parallel │
├───────────────┼─────────┼───────────┤
│        :cores │   38.77 │     38.88 │
│      :sockets │   39.19 │     63.92 │
│         :numa │    39.0 │    149.07 │
└───────────────┴─────────┴───────────┘


AXPY with @threads :static

Memory Bandwidth (GB/s)
┌───────────────┬─────────┬───────────┐
│ # Threads = 8 │ :serial │ :parallel │
├───────────────┼─────────┼───────────┤
│        :cores │   38.75 │     38.89 │
│      :sockets │   39.19 │     80.93 │
│         :numa │   38.99 │    296.83 │
└───────────────┴─────────┴───────────┘

111.151619 seconds (1.44 M allocations: 192.094 GiB, 9.07% gc time, 1.38% compilation time)
